Loading dictionary  uberonid2doid
Loading dictionary  xrefdb2url
Loading dictionary  aaformat
loading  mouse refseq_protein_info
loading  mouse information
loading  mouse xref_mgi
loading  mouse recnames
loading  mouse function_uniprot
loading  mouse glycohydrolase
loading  mouse genelocus
loading  mouse altnames
loading  mouse ortholog
loading  mouse xref_reactome
loading  mouse citations
loading  mouse glycosyltransferase
loading  mouse idmapping
loading  mouse xref_pdb
loading  mouse function_refseq
loading  mouse xref_kegg
loading  mouse allsequences
loading  human refseq_protein_info
loading  human information
loading  human expression_disease
Traceback (most recent call last):
  File "make-proteindb.py", line 828, in <module>
    main()
  File "make-proteindb.py", line 120, in main
    libgly.load_sheet_as_dict(work_book[sheet_name], in_file, ",", "uniprotkb_canonical_ac")
  File "../../glytools/libgly.py", line 20, in load_sheet_as_dict
    if json.dumps(row) in seen:
  File "/usr/lib64/python2.7/json/__init__.py", line 243, in dumps
    return _default_encoder.encode(obj)
  File "/usr/lib64/python2.7/json/encoder.py", line 207, in encode
    chunks = self.iterencode(o, _one_shot=True)
  File "/usr/lib64/python2.7/json/encoder.py", line 270, in iterencode
    return _iterencode(o, 0)
KeyboardInterrupt
